2025-08-24 22:22:16.914 [background-preinit] INFO  o.h.validator.internal.util.Version - HV000001: Hibernate Validator 8.0.2.Final
2025-08-24 22:22:17.029 [main] INFO  c.s.m.d.c.MessageControllerTest - Starting MessageControllerTest using Java 17.0.11 with PID 16648 (started by tntls in C:\Users\tntls\IdeaProjects\discodeit)
2025-08-24 22:22:17.031 [main] INFO  c.s.m.d.c.MessageControllerTest - The following 1 profile is active: "prod"
2025-08-24 22:22:18.749 [main] INFO  o.s.b.a.w.s.WelcomePageHandlerMapping - Adding welcome page: class path resource [static/index.html]
2025-08-24 22:22:19.528 [main] INFO  o.s.b.t.m.w.SpringBootMockServletContext - Initializing Spring TestDispatcherServlet ''
2025-08-24 22:22:19.529 [main] INFO  o.s.t.w.s.TestDispatcherServlet - Initializing Servlet ''
2025-08-24 22:22:19.532 [main] INFO  o.s.t.w.s.TestDispatcherServlet - Completed initialization in 2 ms
2025-08-24 22:22:19.600 [main] INFO  c.s.m.d.c.MessageControllerTest - Started MessageControllerTest in 4.333 seconds (process running for 11.608)
2025-08-24 22:22:20.447 [main] INFO  o.s.t.c.s.AnnotationConfigContextLoaderUtils - Could not detect default configuration classes for test class [com.sprint.mission.discodeit.integration.MessageIntegrationTest]: MessageIntegrationTest does not declare any static, non-private, non-final, nested classes annotated with @Configuration.
2025-08-24 22:22:20.503 [main] INFO  o.s.b.t.c.SpringBootTestContextBootstrapper - Found @SpringBootConfiguration com.sprint.mission.discodeit.DiscodeitApplication for test class com.sprint.mission.discodeit.integration.MessageIntegrationTest
2025-08-24 22:22:20.611 [main] INFO  c.s.m.d.i.MessageIntegrationTest - Starting MessageIntegrationTest using Java 17.0.11 with PID 16648 (started by tntls in C:\Users\tntls\IdeaProjects\discodeit)
2025-08-24 22:22:20.611 [main] INFO  c.s.m.d.i.MessageIntegrationTest - The following 1 profile is active: "test"
2025-08-24 22:22:23.022 [main] INFO  o.s.d.r.c.RepositoryConfigurationDelegate - Bootstrapping Spring Data JPA repositories in DEFAULT mode.
2025-08-24 22:22:23.204 [main] INFO  o.s.d.r.c.RepositoryConfigurationDelegate - Finished Spring Data repository scanning in 156 ms. Found 7 JPA repository interfaces.
2025-08-24 22:22:24.266 [main] INFO  com.zaxxer.hikari.HikariDataSource - HikariPool-1 - Starting...
2025-08-24 22:22:24.863 [main] INFO  com.zaxxer.hikari.pool.HikariPool - HikariPool-1 - Added connection conn0: url=jdbc:h2:mem:testdb user=SA
2025-08-24 22:22:24.868 [main] INFO  com.zaxxer.hikari.HikariDataSource - HikariPool-1 - Start completed.
2025-08-24 22:22:25.223 [main] INFO  o.h.jpa.internal.util.LogHelper - HHH000204: Processing PersistenceUnitInfo [name: default]
2025-08-24 22:22:25.402 [main] INFO  org.hibernate.Version - HHH000412: Hibernate ORM core version 6.6.15.Final
2025-08-24 22:22:25.510 [main] INFO  o.h.c.i.RegionFactoryInitiator - HHH000026: Second-level cache disabled
2025-08-24 22:22:25.900 [main] INFO  o.s.o.j.p.SpringPersistenceUnitInfo - No LoadTimeWeaver setup: ignoring JPA class transformer
2025-08-24 22:22:26.105 [main] INFO  o.hibernate.orm.connections.pooling - HHH10001005: Database info:
	Database JDBC URL [Connecting through datasource 'HikariDataSource (HikariPool-1)']
	Database driver: undefined/unknown
	Database version: 2.3.232
	Autocommit mode: undefined/unknown
	Isolation level: undefined/unknown
	Minimum pool size: undefined/unknown
	Maximum pool size: undefined/unknown
2025-08-24 22:22:28.096 [main] INFO  o.h.e.t.j.p.i.JtaPlatformInitiator - HHH000489: No JTA platform available (set 'hibernate.transaction.jta.platform' to enable JTA platform integration)
2025-08-24 22:22:28.180 [main] INFO  o.s.o.j.LocalContainerEntityManagerFactoryBean - Initialized JPA EntityManagerFactory for persistence unit 'default'
2025-08-24 22:22:29.129 [main] INFO  o.s.d.j.r.query.QueryEnhancerFactory - Hibernate is in classpath; If applicable, HQL parser will be used.
2025-08-24 22:22:31.364 [main] WARN  o.s.b.a.o.j.JpaBaseConfiguration$JpaWebConfiguration - spring.jpa.open-in-view is enabled by default. Therefore, database queries may be performed during view rendering. Explicitly configure spring.jpa.open-in-view to disable this warning
2025-08-24 22:22:31.408 [main] INFO  o.s.b.a.w.s.WelcomePageHandlerMapping - Adding welcome page: class path resource [static/index.html]
2025-08-24 22:22:32.678 [main] INFO  o.s.b.a.h.H2ConsoleAutoConfiguration - H2 console available at '/h2-console'. Database available at 'jdbc:h2:mem:testdb'
2025-08-24 22:22:32.758 [main] INFO  o.s.b.t.m.w.SpringBootMockServletContext - Initializing Spring TestDispatcherServlet ''
2025-08-24 22:22:32.759 [main] INFO  o.s.t.w.s.TestDispatcherServlet - Initializing Servlet ''
2025-08-24 22:22:32.773 [main] INFO  o.s.b.a.e.web.EndpointLinksResolver - Exposing 4 endpoints beneath base path '/actuator'
2025-08-24 22:22:32.808 [main] INFO  o.s.t.w.s.TestDispatcherServlet - Completed initialization in 49 ms
2025-08-24 22:22:32.956 [main] INFO  c.s.m.d.i.MessageIntegrationTest - Started MessageIntegrationTest in 12.439 seconds (process running for 24.962)
2025-08-24 22:22:33.264 [main] INFO  c.s.m.d.aop.MethodLoggingAspect - Method call: (class=BasicUserService, method=createUser, parameters=(UserCreateServiceRequest = (final username=test, final email=test@test.com, final password=***MASKED***, final profile=org.springframework.mock.web.MockMultipartFile@7dc56c0a))
2025-08-24 22:22:33.264 [main] INFO  c.s.m.d.s.basic.BasicUserService - User attempting registeration - username : test, userEmail : test@test.com
2025-08-24 22:22:33.736 [main] INFO  c.s.m.d.s.basic.BasicUserService - user created successfully - userId : 8daef1f6-20ee-4ae0-93a9-15235dbbd145
2025-08-24 22:22:33.736 [main] INFO  c.s.m.d.aop.MethodLoggingAspect - Method return: (class : BasicUserService, method : createUser)
2025-08-24 22:22:33.778 [main] INFO  c.s.m.d.aop.MethodLoggingAspect - Method call: (class=BasicChannelService, method=createPublicChannel, parameters=(ChannelCreateServiceRequest = (final name=공개 채널, final description=공개 채널))
2025-08-24 22:22:33.779 [main] INFO  c.s.m.d.s.basic.BasicChannelService - public channel to create - name : 공개 채널, description : 공개 채널
2025-08-24 22:22:33.787 [main] INFO  c.s.m.d.s.basic.BasicChannelService - public channel created successfully - id : 22a6af13-aacb-4e8c-af95-4576b4cbe64f
2025-08-24 22:22:33.836 [main] INFO  c.s.m.d.aop.MethodLoggingAspect - Method return: (class : BasicChannelService, method : createPublicChannel)
2025-08-24 22:22:33.874 [main] INFO  c.s.m.d.aop.MethodLoggingAspect - Method call: (class=BasicMessageService, method=createMessage, parameters=(MessageCreateServiceRequest = (final message=content, final channelId=22a6af13-aacb-4e8c-af95-4576b4cbe64f, final userId=8daef1f6-20ee-4ae0-93a9-15235dbbd145, final attachments=null))
2025-08-24 22:22:33.897 [main] INFO  c.s.m.d.s.basic.BasicMessageService - message to create - content=content
2025-08-24 22:22:33.930 [main] INFO  c.s.m.d.s.basic.BasicMessageService - message created sucessfully - id=4e3be8ec-588e-46c7-9b4b-aecb8c5e6490
2025-08-24 22:22:33.931 [main] INFO  c.s.m.d.aop.MethodLoggingAspect - Method return: (class : BasicMessageService, method : createMessage)
2025-08-24 22:22:33.965 [main] INFO  c.s.m.d.aop.MethodLoggingAspect - Method call: (class=BasicUserService, method=createUser, parameters=(UserCreateServiceRequest = (final username=test, final email=test@test.com, final password=***MASKED***, final profile=org.springframework.mock.web.MockMultipartFile@31cce16b))
2025-08-24 22:22:33.966 [main] INFO  c.s.m.d.s.basic.BasicUserService - User attempting registeration - username : test, userEmail : test@test.com
2025-08-24 22:22:33.980 [main] INFO  c.s.m.d.s.basic.BasicUserService - user created successfully - userId : 5ae9d976-14a6-4dfe-b009-0e65fbb3d86e
2025-08-24 22:22:33.980 [main] INFO  c.s.m.d.aop.MethodLoggingAspect - Method return: (class : BasicUserService, method : createUser)
2025-08-24 22:22:33.986 [main] INFO  c.s.m.d.aop.MethodLoggingAspect - Method call: (class=BasicChannelService, method=createPublicChannel, parameters=(ChannelCreateServiceRequest = (final name=공개 채널, final description=공개 채널))
2025-08-24 22:22:33.987 [main] INFO  c.s.m.d.s.basic.BasicChannelService - public channel to create - name : 공개 채널, description : 공개 채널
2025-08-24 22:22:33.990 [main] INFO  c.s.m.d.s.basic.BasicChannelService - public channel created successfully - id : 6d529b92-a612-40bc-a11e-0b362d48f19d
2025-08-24 22:22:33.996 [main] INFO  c.s.m.d.aop.MethodLoggingAspect - Method return: (class : BasicChannelService, method : createPublicChannel)
2025-08-24 22:22:34.001 [main] INFO  c.s.m.d.aop.MethodLoggingAspect - Method call: (class=BasicMessageService, method=createMessage, parameters=(MessageCreateServiceRequest = (final message=content, final channelId=6d529b92-a612-40bc-a11e-0b362d48f19d, final userId=5ae9d976-14a6-4dfe-b009-0e65fbb3d86e, final attachments=null))
2025-08-24 22:22:34.002 [main] INFO  c.s.m.d.s.basic.BasicMessageService - message to create - content=content
2025-08-24 22:22:34.004 [main] INFO  c.s.m.d.s.basic.BasicMessageService - message created sucessfully - id=471decd5-e7e8-4ddb-b65a-c9dbb74949cf
2025-08-24 22:22:34.004 [main] INFO  c.s.m.d.aop.MethodLoggingAspect - Method return: (class : BasicMessageService, method : createMessage)
2025-08-24 22:22:34.029 [main] INFO  c.s.m.d.aop.MethodLoggingAspect - Method call: (class=BasicMessageService, method=updateContent, parameters=(MessageUpdateServiceRequest = (final messageId=471decd5-e7e8-4ddb-b65a-c9dbb74949cf, final content=updatedContent, final channelId=6d529b92-a612-40bc-a11e-0b362d48f19d, final userId=5ae9d976-14a6-4dfe-b009-0e65fbb3d86e))
2025-08-24 22:22:34.040 [main] INFO  c.s.m.d.s.basic.BasicMessageService - message to update - content=content
2025-08-24 22:22:34.042 [main] INFO  c.s.m.d.s.basic.BasicMessageService - message updated - content=updatedContent
2025-08-24 22:22:34.043 [main] INFO  c.s.m.d.aop.MethodLoggingAspect - Method return: (class : BasicMessageService, method : updateContent)
2025-08-24 22:22:34.076 [main] INFO  c.s.m.d.aop.MethodLoggingAspect - Method call: (class=BasicUserService, method=createUser, parameters=(UserCreateServiceRequest = (final username=test, final email=test@test.com, final password=***MASKED***, final profile=org.springframework.mock.web.MockMultipartFile@f8b81a1))
2025-08-24 22:22:34.077 [main] INFO  c.s.m.d.s.basic.BasicUserService - User attempting registeration - username : test, userEmail : test@test.com
2025-08-24 22:22:34.095 [main] INFO  c.s.m.d.s.basic.BasicUserService - user created successfully - userId : 3dd088a9-1fea-49aa-8395-1ac4600e4a00
2025-08-24 22:22:34.095 [main] INFO  c.s.m.d.aop.MethodLoggingAspect - Method return: (class : BasicUserService, method : createUser)
2025-08-24 22:22:34.100 [main] INFO  c.s.m.d.aop.MethodLoggingAspect - Method call: (class=BasicChannelService, method=createPublicChannel, parameters=(ChannelCreateServiceRequest = (final name=공개 채널, final description=공개 채널))
2025-08-24 22:22:34.101 [main] INFO  c.s.m.d.s.basic.BasicChannelService - public channel to create - name : 공개 채널, description : 공개 채널
2025-08-24 22:22:34.102 [main] INFO  c.s.m.d.s.basic.BasicChannelService - public channel created successfully - id : e891c554-cf67-48d9-aa63-ab4b40225d36
2025-08-24 22:22:34.107 [main] INFO  c.s.m.d.aop.MethodLoggingAspect - Method return: (class : BasicChannelService, method : createPublicChannel)
2025-08-24 22:22:34.113 [main] INFO  c.s.m.d.aop.MethodLoggingAspect - Method call: (class=BasicMessageService, method=createMessage, parameters=(MessageCreateServiceRequest = (final message=content, final channelId=e891c554-cf67-48d9-aa63-ab4b40225d36, final userId=3dd088a9-1fea-49aa-8395-1ac4600e4a00, final attachments=null))
2025-08-24 22:22:34.114 [main] INFO  c.s.m.d.s.basic.BasicMessageService - message to create - content=content
2025-08-24 22:22:34.116 [main] INFO  c.s.m.d.s.basic.BasicMessageService - message created sucessfully - id=ffb331ed-d3e3-4d24-b1c6-efe24ad32989
2025-08-24 22:22:34.117 [main] INFO  c.s.m.d.aop.MethodLoggingAspect - Method return: (class : BasicMessageService, method : createMessage)
2025-08-24 22:22:34.122 [main] INFO  c.s.m.d.aop.MethodLoggingAspect - Method call: (class=BasicMessageService, method=deleteMessage, parameters=(UUID=ffb331ed-d3e3-4d24-b1c6-efe24ad32989)
2025-08-24 22:22:34.137 [main] INFO  c.s.m.d.s.basic.BasicMessageService - message deleted - id=ffb331ed-d3e3-4d24-b1c6-efe24ad32989
2025-08-24 22:22:34.138 [main] INFO  c.s.m.d.aop.MethodLoggingAspect - Method return: (class : BasicMessageService, method : deleteMessage)
2025-08-24 22:22:34.159 [main] INFO  o.s.t.c.s.AnnotationConfigContextLoaderUtils - Could not detect default configuration classes for test class [com.sprint.mission.discodeit.repository.MessageRepositoryTest]: MessageRepositoryTest does not declare any static, non-private, non-final, nested classes annotated with @Configuration.
2025-08-24 22:22:34.202 [main] INFO  o.s.b.t.c.SpringBootTestContextBootstrapper - Found @SpringBootConfiguration com.sprint.mission.discodeit.DiscodeitApplication for test class com.sprint.mission.discodeit.repository.MessageRepositoryTest
2025-08-24 22:22:34.283 [main] INFO  c.s.m.d.r.MessageRepositoryTest - Starting MessageRepositoryTest using Java 17.0.11 with PID 16648 (started by tntls in C:\Users\tntls\IdeaProjects\discodeit)
2025-08-24 22:22:34.284 [main] INFO  c.s.m.d.r.MessageRepositoryTest - The following 1 profile is active: "test"
2025-08-24 22:22:34.519 [main] INFO  o.s.d.r.c.RepositoryConfigurationDelegate - Bootstrapping Spring Data JPA repositories in DEFAULT mode.
2025-08-24 22:22:34.615 [main] INFO  o.s.d.r.c.RepositoryConfigurationDelegate - Finished Spring Data repository scanning in 94 ms. Found 7 JPA repository interfaces.
2025-08-24 22:22:34.669 [main] INFO  o.s.b.t.a.j.TestDatabaseAutoConfiguration$EmbeddedDataSourceBeanFactoryPostProcessor - Replacing 'dataSource' DataSource bean with embedded version
2025-08-24 22:22:34.716 [main] INFO  o.s.j.d.e.EmbeddedDatabaseFactory - Starting embedded database: url='jdbc:h2:mem:3b1093f3-8191-4afc-a312-a7bf1459f7c5;DB_CLOSE_DELAY=-1;DB_CLOSE_ON_EXIT=false', username='sa'
2025-08-24 22:22:34.918 [main] INFO  o.h.jpa.internal.util.LogHelper - HHH000204: Processing PersistenceUnitInfo [name: default]
2025-08-24 22:22:34.941 [main] INFO  o.h.c.i.RegionFactoryInitiator - HHH000026: Second-level cache disabled
2025-08-24 22:22:34.983 [main] INFO  o.s.o.j.p.SpringPersistenceUnitInfo - No LoadTimeWeaver setup: ignoring JPA class transformer
2025-08-24 22:22:34.989 [main] INFO  o.hibernate.orm.connections.pooling - HHH10001005: Database info:
	Database JDBC URL [Connecting through datasource 'org.springframework.jdbc.datasource.embedded.EmbeddedDatabaseFactory$EmbeddedDataSourceProxy@bb39957']
	Database driver: undefined/unknown
	Database version: 2.3.232
	Autocommit mode: undefined/unknown
	Isolation level: undefined/unknown
	Minimum pool size: undefined/unknown
	Maximum pool size: undefined/unknown
2025-08-24 22:22:35.195 [main] INFO  o.h.e.t.j.p.i.JtaPlatformInitiator - HHH000489: No JTA platform available (set 'hibernate.transaction.jta.platform' to enable JTA platform integration)
2025-08-24 22:22:35.244 [main] INFO  o.s.o.j.LocalContainerEntityManagerFactoryBean - Initialized JPA EntityManagerFactory for persistence unit 'default'
2025-08-24 22:22:35.527 [main] INFO  c.s.m.d.r.MessageRepositoryTest - Started MessageRepositoryTest in 1.318 seconds (process running for 27.535)
2025-08-24 22:22:35.806 [main] INFO  o.s.t.c.s.AnnotationConfigContextLoaderUtils - Could not detect default configuration classes for test class [com.sprint.mission.discodeit.integration.UserIntegrationTest]: UserIntegrationTest does not declare any static, non-private, non-final, nested classes annotated with @Configuration.
2025-08-24 22:22:35.815 [main] INFO  o.s.b.t.c.SpringBootTestContextBootstrapper - Found @SpringBootConfiguration com.sprint.mission.discodeit.DiscodeitApplication for test class com.sprint.mission.discodeit.integration.UserIntegrationTest
2025-08-24 22:22:35.837 [main] INFO  c.s.m.d.aop.MethodLoggingAspect - Method call: (class=BasicUserService, method=createUser, parameters=(UserCreateServiceRequest = (final username=test, final email=test@test.com, final password=***MASKED***, final profile=org.springframework.mock.web.MockMultipartFile@aed8be))
2025-08-24 22:22:35.838 [main] INFO  c.s.m.d.s.basic.BasicUserService - User attempting registeration - username : test, userEmail : test@test.com
2025-08-24 22:22:35.858 [main] INFO  c.s.m.d.s.basic.BasicUserService - user created successfully - userId : 04265cb6-9dca-445d-881c-f27b769be811
2025-08-24 22:22:35.859 [main] INFO  c.s.m.d.aop.MethodLoggingAspect - Method return: (class : BasicUserService, method : createUser)
2025-08-24 22:22:35.876 [main] INFO  c.s.m.d.aop.MethodLoggingAspect - Method call: (class=BasicUserService, method=updateUser, parameters=(UserUpdateServiceRequest = (final userId=04265cb6-9dca-445d-881c-f27b769be811, final newUsername=update, final newEmail=update@update.com, final newPassword=***MASKED***, final profile=org.springframework.mock.web.MockMultipartFile@456629a8))
2025-08-24 22:22:35.877 [main] INFO  c.s.m.d.s.basic.BasicUserService - User before update - userId : 04265cb6-9dca-445d-881c-f27b769be811, username : test, userEmail : test@test.com
2025-08-24 22:22:35.881 [main] INFO  c.s.m.d.s.basic.BasicUserService - User after update - userId : 04265cb6-9dca-445d-881c-f27b769be811, username : update, userEmail : update@update.com
2025-08-24 22:22:35.882 [main] INFO  c.s.m.d.aop.MethodLoggingAspect - Method return: (class : BasicUserService, method : updateUser)
2025-08-24 22:22:35.920 [main] INFO  c.s.m.d.aop.MethodLoggingAspect - Method call: (class=BasicUserService, method=createUser, parameters=(UserCreateServiceRequest = (final username=test, final email=test@test.com, final password=***MASKED***, final profile=org.springframework.mock.web.MockMultipartFile@5990f0ab))
2025-08-24 22:22:35.921 [main] INFO  c.s.m.d.s.basic.BasicUserService - User attempting registeration - username : test, userEmail : test@test.com
2025-08-24 22:22:35.939 [main] INFO  c.s.m.d.s.basic.BasicUserService - user created successfully - userId : 6b80e739-58e0-47c0-bcc1-a64027924457
2025-08-24 22:22:35.939 [main] INFO  c.s.m.d.aop.MethodLoggingAspect - Method return: (class : BasicUserService, method : createUser)
2025-08-24 22:22:35.961 [main] INFO  c.s.m.d.aop.MethodLoggingAspect - Method call: (class=BasicUserService, method=createUser, parameters=(UserCreateServiceRequest = (final username=test, final email=test@test.com, final password=***MASKED***, final profile=org.springframework.mock.web.MockMultipartFile@472e1f2f))
2025-08-24 22:22:35.961 [main] INFO  c.s.m.d.s.basic.BasicUserService - User attempting registeration - username : test, userEmail : test@test.com
2025-08-24 22:22:35.985 [main] INFO  c.s.m.d.s.basic.BasicUserService - user created successfully - userId : 1174b0b8-e196-4561-be72-914b01bd37eb
2025-08-24 22:22:35.985 [main] INFO  c.s.m.d.aop.MethodLoggingAspect - Method return: (class : BasicUserService, method : createUser)
2025-08-24 22:22:35.991 [main] INFO  c.s.m.d.aop.MethodLoggingAspect - Method call: (class=BasicUserService, method=deleteUser, parameters=(UUID=1174b0b8-e196-4561-be72-914b01bd37eb)
2025-08-24 22:22:36.004 [main] INFO  c.s.m.d.s.basic.BasicUserService - deleted user - userId : 1174b0b8-e196-4561-be72-914b01bd37eb
2025-08-24 22:22:36.006 [main] INFO  c.s.m.d.aop.MethodLoggingAspect - Method return: (class : BasicUserService, method : deleteUser)
2025-08-24 22:22:36.022 [main] INFO  o.s.t.c.s.AnnotationConfigContextLoaderUtils - Could not detect default configuration classes for test class [com.sprint.mission.discodeit.repository.UserRepositoryTest]: UserRepositoryTest does not declare any static, non-private, non-final, nested classes annotated with @Configuration.
2025-08-24 22:22:36.028 [main] INFO  o.s.b.t.c.SpringBootTestContextBootstrapper - Found @SpringBootConfiguration com.sprint.mission.discodeit.DiscodeitApplication for test class com.sprint.mission.discodeit.repository.UserRepositoryTest
2025-08-24 22:22:36.226 [main] WARN  o.h.e.jdbc.spi.SqlExceptionHelper - SQL Error: 23505, SQLState: 23505
2025-08-24 22:22:36.226 [main] ERROR o.h.e.jdbc.spi.SqlExceptionHelper - Unique index or primary key violation: "PUBLIC.CONSTRAINT_INDEX_4D ON PUBLIC.USERS(EMAIL NULLS FIRST) VALUES ( /* 5 */ 'first@first.com' )"; SQL statement:
insert into users (created_at,email,password,profile_id,updated_at,username,id) values (?,?,?,?,?,?,?) [23505-232]
2025-08-24 22:22:36.317 [main] WARN  o.h.e.jdbc.spi.SqlExceptionHelper - SQL Error: 23505, SQLState: 23505
2025-08-24 22:22:36.317 [main] ERROR o.h.e.jdbc.spi.SqlExceptionHelper - Unique index or primary key violation: "PUBLIC.CONSTRAINT_INDEX_4D4 ON PUBLIC.USERS(USERNAME NULLS FIRST) VALUES ( /* 8 */ 'first' )"; SQL statement:
insert into users (created_at,email,password,profile_id,updated_at,username,id) values (?,?,?,?,?,?,?) [23505-232]
2025-08-24 22:22:36.707 [main] INFO  c.s.m.d.s.basic.BasicMessageService - message deleted - id=5f00d389-f1fd-4bef-b4ac-396e13bcdad9
2025-08-24 22:22:36.730 [main] INFO  c.s.m.d.s.basic.BasicMessageService - message to create - content=testMessage
2025-08-24 22:22:36.733 [main] INFO  c.s.m.d.s.basic.BasicMessageService - message created sucessfully - id=edf2a436-53aa-41eb-b647-a38d928c44a8
2025-08-24 22:22:36.764 [main] INFO  c.s.m.d.s.basic.BasicMessageService - message to create - content=testMessage
2025-08-24 22:22:36.766 [main] INFO  c.s.m.d.s.basic.BasicMessageService - message created sucessfully - id=ff2fc71c-db14-4e7c-8611-a3c0b1c81e82
2025-08-24 22:22:36.796 [main] INFO  c.s.m.d.s.basic.BasicMessageService - message to create - content=testMessage
2025-08-24 22:22:36.797 [main] INFO  c.s.m.d.s.basic.BasicMessageService - message created sucessfully - id=fc2f8f52-4a02-4cee-9f54-b841526e8f9a
2025-08-24 22:22:36.813 [main] INFO  c.s.m.d.s.basic.BasicMessageService - message to update - content=testMessage
2025-08-24 22:22:36.813 [main] INFO  c.s.m.d.s.basic.BasicMessageService - message updated - content=updateMessage
2025-08-24 22:22:36.827 [main] INFO  o.s.t.c.s.AnnotationConfigContextLoaderUtils - Could not detect default configuration classes for test class [com.sprint.mission.discodeit.integration.ChannelIntegrationTest]: ChannelIntegrationTest does not declare any static, non-private, non-final, nested classes annotated with @Configuration.
2025-08-24 22:22:36.840 [main] INFO  o.s.b.t.c.SpringBootTestContextBootstrapper - Found @SpringBootConfiguration com.sprint.mission.discodeit.DiscodeitApplication for test class com.sprint.mission.discodeit.integration.ChannelIntegrationTest
2025-08-24 22:22:36.858 [main] INFO  c.s.m.d.aop.MethodLoggingAspect - Method call: (class=BasicUserService, method=createUser, parameters=(UserCreateServiceRequest = (final username=test, final email=test@test.com, final password=***MASKED***, final profile=org.springframework.mock.web.MockMultipartFile@7fb41849))
2025-08-24 22:22:36.859 [main] INFO  c.s.m.d.s.basic.BasicUserService - User attempting registeration - username : test, userEmail : test@test.com
2025-08-24 22:22:36.875 [main] INFO  c.s.m.d.s.basic.BasicUserService - user created successfully - userId : d434ba90-e5cb-4496-9384-7aaf9ed65c0d
2025-08-24 22:22:36.875 [main] INFO  c.s.m.d.aop.MethodLoggingAspect - Method return: (class : BasicUserService, method : createUser)
2025-08-24 22:22:36.882 [main] INFO  c.s.m.d.aop.MethodLoggingAspect - Method call: (class=BasicUserService, method=createUser, parameters=(UserCreateServiceRequest = (final username=test2, final email=test2@test.com, final password=***MASKED***, final profile=org.springframework.mock.web.MockMultipartFile@638c5472))
2025-08-24 22:22:36.882 [main] INFO  c.s.m.d.s.basic.BasicUserService - User attempting registeration - username : test2, userEmail : test2@test.com
2025-08-24 22:22:36.902 [main] INFO  c.s.m.d.s.basic.BasicUserService - user created successfully - userId : 0135686a-27dc-4e4d-a76b-a54ff9de741a
2025-08-24 22:22:36.902 [main] INFO  c.s.m.d.aop.MethodLoggingAspect - Method return: (class : BasicUserService, method : createUser)
2025-08-24 22:22:36.919 [main] INFO  c.s.m.d.aop.MethodLoggingAspect - Method call: (class=BasicChannelService, method=createPrivateChannel, parameters=(PrivateChannelCreateServiceRequest = (final participantIds=[d434ba90-e5cb-4496-9384-7aaf9ed65c0d, 0135686a-27dc-4e4d-a76b-a54ff9de741a]))
2025-08-24 22:22:36.946 [main] INFO  c.s.m.d.s.basic.BasicChannelService - private channel created successfully - id : 7db5f91d-bfa5-4c10-b62e-5efb5371aba5
2025-08-24 22:22:36.966 [main] INFO  c.s.m.d.aop.MethodLoggingAspect - Method return: (class : BasicChannelService, method : createPrivateChannel)
2025-08-24 22:22:37.013 [main] INFO  c.s.m.d.aop.MethodLoggingAspect - Method call: (class=BasicChannelService, method=createPublicChannel, parameters=(ChannelCreateServiceRequest = (final name=공개 채널, final description=공개 채널))
2025-08-24 22:22:37.013 [main] INFO  c.s.m.d.s.basic.BasicChannelService - public channel to create - name : 공개 채널, description : 공개 채널
2025-08-24 22:22:37.015 [main] INFO  c.s.m.d.s.basic.BasicChannelService - public channel created successfully - id : 4882e230-f915-41a4-b082-a8e36563deb1
2025-08-24 22:22:37.020 [main] INFO  c.s.m.d.aop.MethodLoggingAspect - Method return: (class : BasicChannelService, method : createPublicChannel)
2025-08-24 22:22:37.031 [main] INFO  c.s.m.d.aop.MethodLoggingAspect - Method call: (class=BasicChannelService, method=updateChannel, parameters=(ChannelUpdateServiceRequest = (final channelId=4882e230-f915-41a4-b082-a8e36563deb1, final name=수정 채널, final description=수정 채널))
2025-08-24 22:22:37.036 [main] INFO  c.s.m.d.s.basic.BasicChannelService - channel to update - name : 수정 채널, description : 수정 채널
2025-08-24 22:22:37.037 [main] INFO  c.s.m.d.s.basic.BasicChannelService - channel updated - name : 수정 채널, description : 수정 채널
2025-08-24 22:22:37.045 [main] INFO  c.s.m.d.aop.MethodLoggingAspect - Method return: (class : BasicChannelService, method : updateChannel)
2025-08-24 22:22:37.073 [main] INFO  c.s.m.d.aop.MethodLoggingAspect - Method call: (class=BasicChannelService, method=createPublicChannel, parameters=(ChannelCreateServiceRequest = (final name=공개 채널, final description=공개 채널))
2025-08-24 22:22:37.074 [main] INFO  c.s.m.d.s.basic.BasicChannelService - public channel to create - name : 공개 채널, description : 공개 채널
2025-08-24 22:22:37.075 [main] INFO  c.s.m.d.s.basic.BasicChannelService - public channel created successfully - id : 9bc601ea-ff74-4beb-99fa-ecee5a3fda52
2025-08-24 22:22:37.080 [main] INFO  c.s.m.d.aop.MethodLoggingAspect - Method return: (class : BasicChannelService, method : createPublicChannel)
2025-08-24 22:22:37.103 [main] INFO  c.s.m.d.aop.MethodLoggingAspect - Method call: (class=BasicChannelService, method=createPublicChannel, parameters=(ChannelCreateServiceRequest = (final name=공개 채널, final description=공개 채널))
2025-08-24 22:22:37.104 [main] INFO  c.s.m.d.s.basic.BasicChannelService - public channel to create - name : 공개 채널, description : 공개 채널
2025-08-24 22:22:37.106 [main] INFO  c.s.m.d.s.basic.BasicChannelService - public channel created successfully - id : 0ccb5beb-a190-4775-a229-8e78a2347265
2025-08-24 22:22:37.113 [main] INFO  c.s.m.d.aop.MethodLoggingAspect - Method return: (class : BasicChannelService, method : createPublicChannel)
2025-08-24 22:22:37.118 [main] INFO  c.s.m.d.aop.MethodLoggingAspect - Method call: (class=BasicChannelService, method=deleteChannel, parameters=(UUID=0ccb5beb-a190-4775-a229-8e78a2347265)
2025-08-24 22:22:37.133 [main] INFO  c.s.m.d.s.basic.BasicChannelService - deleted channel - id : 0ccb5beb-a190-4775-a229-8e78a2347265
2025-08-24 22:22:37.133 [main] INFO  c.s.m.d.aop.MethodLoggingAspect - Method return: (class : BasicChannelService, method : deleteChannel)
2025-08-24 22:22:37.166 [main] INFO  o.s.t.c.s.AnnotationConfigContextLoaderUtils - Could not detect default configuration classes for test class [com.sprint.mission.discodeit.controller.ChannelControllerTest]: ChannelControllerTest does not declare any static, non-private, non-final, nested classes annotated with @Configuration.
2025-08-24 22:22:37.196 [main] INFO  o.s.b.t.c.SpringBootTestContextBootstrapper - Found @SpringBootConfiguration com.sprint.mission.discodeit.DiscodeitApplication for test class com.sprint.mission.discodeit.controller.ChannelControllerTest
2025-08-24 22:22:37.290 [main] INFO  c.s.m.d.c.ChannelControllerTest - Starting ChannelControllerTest using Java 17.0.11 with PID 16648 (started by tntls in C:\Users\tntls\IdeaProjects\discodeit)
2025-08-24 22:22:37.290 [main] INFO  c.s.m.d.c.ChannelControllerTest - The following 1 profile is active: "prod"
2025-08-24 22:22:37.925 [main] INFO  o.s.b.a.w.s.WelcomePageHandlerMapping - Adding welcome page: class path resource [static/index.html]
2025-08-24 22:22:38.073 [main] INFO  o.s.b.t.m.w.SpringBootMockServletContext - Initializing Spring TestDispatcherServlet ''
2025-08-24 22:22:38.073 [main] INFO  o.s.t.w.s.TestDispatcherServlet - Initializing Servlet ''
2025-08-24 22:22:38.074 [main] INFO  o.s.t.w.s.TestDispatcherServlet - Completed initialization in 1 ms
2025-08-24 22:22:38.085 [main] INFO  c.s.m.d.c.ChannelControllerTest - Started ChannelControllerTest in 0.883 seconds (process running for 30.092)
2025-08-24 22:22:38.326 [main] INFO  o.s.t.c.s.AnnotationConfigContextLoaderUtils - Could not detect default configuration classes for test class [com.sprint.mission.discodeit.DiscodeitApplicationTests]: DiscodeitApplicationTests does not declare any static, non-private, non-final, nested classes annotated with @Configuration.
2025-08-24 22:22:38.348 [main] INFO  o.s.b.t.c.SpringBootTestContextBootstrapper - Found @SpringBootConfiguration com.sprint.mission.discodeit.DiscodeitApplication for test class com.sprint.mission.discodeit.DiscodeitApplicationTests
2025-08-24 22:22:38.420 [main] INFO  c.s.m.d.DiscodeitApplicationTests - Starting DiscodeitApplicationTests using Java 17.0.11 with PID 16648 (started by tntls in C:\Users\tntls\IdeaProjects\discodeit)
2025-08-24 22:22:38.421 [main] INFO  c.s.m.d.DiscodeitApplicationTests - The following 1 profile is active: "prod"
2025-08-24 22:22:39.244 [main] INFO  o.s.d.r.c.RepositoryConfigurationDelegate - Bootstrapping Spring Data JPA repositories in DEFAULT mode.
2025-08-24 22:22:39.327 [main] INFO  o.s.d.r.c.RepositoryConfigurationDelegate - Finished Spring Data repository scanning in 80 ms. Found 7 JPA repository interfaces.
2025-08-24 22:22:39.487 [main] INFO  com.zaxxer.hikari.HikariDataSource - HikariPool-2 - Starting...
2025-08-24 22:22:40.179 [main] INFO  com.zaxxer.hikari.pool.HikariPool - HikariPool-2 - Added connection org.postgresql.jdbc.PgConnection@14404749
2025-08-24 22:22:40.179 [main] INFO  com.zaxxer.hikari.HikariDataSource - HikariPool-2 - Start completed.
2025-08-24 22:22:40.237 [main] INFO  o.h.jpa.internal.util.LogHelper - HHH000204: Processing PersistenceUnitInfo [name: default]
2025-08-24 22:22:40.247 [main] INFO  o.h.c.i.RegionFactoryInitiator - HHH000026: Second-level cache disabled
2025-08-24 22:22:40.272 [main] INFO  o.s.o.j.p.SpringPersistenceUnitInfo - No LoadTimeWeaver setup: ignoring JPA class transformer
2025-08-24 22:22:40.340 [main] INFO  o.hibernate.orm.connections.pooling - HHH10001005: Database info:
	Database JDBC URL [Connecting through datasource 'HikariDataSource (HikariPool-2)']
	Database driver: undefined/unknown
	Database version: 17.5
	Autocommit mode: undefined/unknown
	Isolation level: undefined/unknown
	Minimum pool size: undefined/unknown
	Maximum pool size: undefined/unknown
2025-08-24 22:22:40.600 [main] INFO  o.h.e.t.j.p.i.JtaPlatformInitiator - HHH000489: No JTA platform available (set 'hibernate.transaction.jta.platform' to enable JTA platform integration)
2025-08-24 22:22:40.601 [main] INFO  o.s.o.j.LocalContainerEntityManagerFactoryBean - Initialized JPA EntityManagerFactory for persistence unit 'default'
2025-08-24 22:22:41.242 [main] INFO  o.s.b.a.w.s.WelcomePageHandlerMapping - Adding welcome page: class path resource [static/index.html]
2025-08-24 22:22:41.895 [main] INFO  o.s.b.a.e.web.EndpointLinksResolver - Exposing 4 endpoints beneath base path '/actuator'
2025-08-24 22:22:41.945 [main] INFO  c.s.m.d.DiscodeitApplicationTests - Started DiscodeitApplicationTests in 3.589 seconds (process running for 33.952)
2025-08-24 22:22:41.986 [main] INFO  o.s.t.c.s.AnnotationConfigContextLoaderUtils - Could not detect default configuration classes for test class [com.sprint.mission.discodeit.controller.UserControllerTest]: UserControllerTest does not declare any static, non-private, non-final, nested classes annotated with @Configuration.
2025-08-24 22:22:42.012 [main] INFO  o.s.b.t.c.SpringBootTestContextBootstrapper - Found @SpringBootConfiguration com.sprint.mission.discodeit.DiscodeitApplication for test class com.sprint.mission.discodeit.controller.UserControllerTest
2025-08-24 22:22:42.114 [main] INFO  c.s.m.d.c.UserControllerTest - Starting UserControllerTest using Java 17.0.11 with PID 16648 (started by tntls in C:\Users\tntls\IdeaProjects\discodeit)
2025-08-24 22:22:42.114 [main] INFO  c.s.m.d.c.UserControllerTest - The following 1 profile is active: "prod"
2025-08-24 22:22:42.523 [main] INFO  o.s.b.a.w.s.WelcomePageHandlerMapping - Adding welcome page: class path resource [static/index.html]
2025-08-24 22:22:42.609 [main] INFO  o.s.b.t.m.w.SpringBootMockServletContext - Initializing Spring TestDispatcherServlet ''
2025-08-24 22:22:42.609 [main] INFO  o.s.t.w.s.TestDispatcherServlet - Initializing Servlet ''
2025-08-24 22:22:42.612 [main] INFO  o.s.t.w.s.TestDispatcherServlet - Completed initialization in 3 ms
2025-08-24 22:22:42.621 [main] INFO  c.s.m.d.c.UserControllerTest - Started UserControllerTest in 0.599 seconds (process running for 34.628)
2025-08-24 22:22:42.805 [SpringApplicationShutdownHook] INFO  o.s.o.j.LocalContainerEntityManagerFactoryBean - Closing JPA EntityManagerFactory for persistence unit 'default'
2025-08-24 22:22:42.810 [SpringApplicationShutdownHook] INFO  com.zaxxer.hikari.HikariDataSource - HikariPool-1 - Shutdown initiated...
2025-08-24 22:22:42.816 [SpringApplicationShutdownHook] INFO  com.zaxxer.hikari.HikariDataSource - HikariPool-1 - Shutdown completed.
2025-08-24 22:22:42.819 [SpringApplicationShutdownHook] INFO  o.s.o.j.LocalContainerEntityManagerFactoryBean - Closing JPA EntityManagerFactory for persistence unit 'default'
2025-08-24 22:22:42.827 [SpringApplicationShutdownHook] INFO  o.s.o.j.LocalContainerEntityManagerFactoryBean - Closing JPA EntityManagerFactory for persistence unit 'default'
2025-08-24 22:22:42.828 [SpringApplicationShutdownHook] INFO  com.zaxxer.hikari.HikariDataSource - HikariPool-2 - Shutdown initiated...
2025-08-24 22:22:42.841 [SpringApplicationShutdownHook] INFO  com.zaxxer.hikari.HikariDataSource - HikariPool-2 - Shutdown completed.
2025-08-24 22:30:15.300 [background-preinit] INFO  o.h.validator.internal.util.Version - HV000001: Hibernate Validator 8.0.2.Final
2025-08-24 22:30:15.489 [main] INFO  c.s.m.d.c.MessageControllerTest - Starting MessageControllerTest using Java 17.0.11 with PID 12192 (started by tntls in C:\Users\tntls\IdeaProjects\discodeit)
2025-08-24 22:30:15.491 [main] INFO  c.s.m.d.c.MessageControllerTest - The following 1 profile is active: "prod"
2025-08-24 22:30:19.873 [main] INFO  o.s.b.a.w.s.WelcomePageHandlerMapping - Adding welcome page: class path resource [static/index.html]
2025-08-24 22:30:20.857 [main] INFO  o.s.b.t.m.w.SpringBootMockServletContext - Initializing Spring TestDispatcherServlet ''
2025-08-24 22:30:20.858 [main] INFO  o.s.t.w.s.TestDispatcherServlet - Initializing Servlet ''
2025-08-24 22:30:20.861 [main] INFO  o.s.t.w.s.TestDispatcherServlet - Completed initialization in 3 ms
2025-08-24 22:30:20.945 [main] INFO  c.s.m.d.c.MessageControllerTest - Started MessageControllerTest in 7.128 seconds (process running for 9.836)
2025-08-24 22:31:51.780 [background-preinit] INFO  o.h.validator.internal.util.Version - HV000001: Hibernate Validator 8.0.2.Final
2025-08-24 22:31:51.922 [main] INFO  c.s.m.d.c.MessageControllerTest - Starting MessageControllerTest using Java 17.0.11 with PID 7068 (started by tntls in C:\Users\tntls\IdeaProjects\discodeit)
2025-08-24 22:31:51.925 [main] INFO  c.s.m.d.c.MessageControllerTest - The following 1 profile is active: "prod"
2025-08-24 22:31:55.979 [main] INFO  o.s.b.a.w.s.WelcomePageHandlerMapping - Adding welcome page: class path resource [static/index.html]
2025-08-24 22:31:56.891 [main] INFO  o.s.b.t.m.w.SpringBootMockServletContext - Initializing Spring TestDispatcherServlet ''
2025-08-24 22:31:56.893 [main] INFO  o.s.t.w.s.TestDispatcherServlet - Initializing Servlet ''
2025-08-24 22:31:56.895 [main] INFO  o.s.t.w.s.TestDispatcherServlet - Completed initialization in 2 ms
2025-08-24 22:31:56.969 [main] INFO  c.s.m.d.c.MessageControllerTest - Started MessageControllerTest in 6.566 seconds (process running for 9.039)
2025-08-24 22:36:49.111 [background-preinit] INFO  o.h.validator.internal.util.Version - HV000001: Hibernate Validator 8.0.2.Final
2025-08-24 22:36:49.252 [main] INFO  c.s.m.d.c.MessageControllerTest - Starting MessageControllerTest using Java 17.0.11 with PID 40652 (started by tntls in C:\Users\tntls\IdeaProjects\discodeit)
2025-08-24 22:36:49.253 [main] INFO  c.s.m.d.c.MessageControllerTest - The following 1 profile is active: "prod"
2025-08-24 22:36:53.234 [main] INFO  o.s.b.a.w.s.WelcomePageHandlerMapping - Adding welcome page: class path resource [static/index.html]
2025-08-24 22:36:54.225 [main] INFO  o.s.b.t.m.w.SpringBootMockServletContext - Initializing Spring TestDispatcherServlet ''
2025-08-24 22:36:54.226 [main] INFO  o.s.t.w.s.TestDispatcherServlet - Initializing Servlet ''
2025-08-24 22:36:54.229 [main] INFO  o.s.t.w.s.TestDispatcherServlet - Completed initialization in 3 ms
2025-08-24 22:36:54.310 [main] INFO  c.s.m.d.c.MessageControllerTest - Started MessageControllerTest in 6.538 seconds (process running for 9.281)
2025-08-24 22:41:50.523 [background-preinit] INFO  o.h.validator.internal.util.Version - HV000001: Hibernate Validator 8.0.2.Final
2025-08-24 22:41:50.675 [main] INFO  c.s.m.d.c.MessageControllerTest - Starting MessageControllerTest using Java 17.0.11 with PID 31428 (started by tntls in C:\Users\tntls\IdeaProjects\discodeit)
2025-08-24 22:41:50.677 [main] INFO  c.s.m.d.c.MessageControllerTest - The following 1 profile is active: "prod"
2025-08-24 22:41:54.121 [main] INFO  o.s.b.a.w.s.WelcomePageHandlerMapping - Adding welcome page: class path resource [static/index.html]
2025-08-24 22:41:55.022 [main] INFO  o.s.b.t.m.w.SpringBootMockServletContext - Initializing Spring TestDispatcherServlet ''
2025-08-24 22:41:55.022 [main] INFO  o.s.t.w.s.TestDispatcherServlet - Initializing Servlet ''
2025-08-24 22:41:55.028 [main] INFO  o.s.t.w.s.TestDispatcherServlet - Completed initialization in 6 ms
2025-08-24 22:41:55.123 [main] INFO  c.s.m.d.c.MessageControllerTest - Started MessageControllerTest in 6.04 seconds (process running for 8.422)
2025-08-24 22:48:27.886 [background-preinit] INFO  o.h.validator.internal.util.Version - HV000001: Hibernate Validator 8.0.2.Final
2025-08-24 22:48:28.029 [main] INFO  c.s.m.d.c.MessageControllerTest - Starting MessageControllerTest using Java 17.0.11 with PID 31300 (started by tntls in C:\Users\tntls\IdeaProjects\discodeit)
2025-08-24 22:48:28.031 [main] INFO  c.s.m.d.c.MessageControllerTest - The following 1 profile is active: "prod"
2025-08-24 22:48:33.007 [main] INFO  o.s.b.a.w.s.WelcomePageHandlerMapping - Adding welcome page: class path resource [static/index.html]
2025-08-24 22:48:33.937 [main] INFO  o.s.b.t.m.w.SpringBootMockServletContext - Initializing Spring TestDispatcherServlet ''
2025-08-24 22:48:33.938 [main] INFO  o.s.t.w.s.TestDispatcherServlet - Initializing Servlet ''
2025-08-24 22:48:33.943 [main] INFO  o.s.t.w.s.TestDispatcherServlet - Completed initialization in 3 ms
2025-08-24 22:48:34.054 [main] INFO  c.s.m.d.c.MessageControllerTest - Started MessageControllerTest in 7.523 seconds (process running for 10.058)
2025-08-24 22:54:04.273 [background-preinit] INFO  o.h.validator.internal.util.Version - HV000001: Hibernate Validator 8.0.2.Final
2025-08-24 22:54:04.415 [main] INFO  c.s.m.d.c.MessageControllerTest - Starting MessageControllerTest using Java 17.0.11 with PID 37664 (started by tntls in C:\Users\tntls\IdeaProjects\discodeit)
2025-08-24 22:54:04.416 [main] INFO  c.s.m.d.c.MessageControllerTest - The following 1 profile is active: "prod"
2025-08-24 22:54:08.498 [main] INFO  o.s.b.a.w.s.WelcomePageHandlerMapping - Adding welcome page: class path resource [static/index.html]
2025-08-24 22:54:09.356 [main] INFO  o.s.b.t.m.w.SpringBootMockServletContext - Initializing Spring TestDispatcherServlet ''
2025-08-24 22:54:09.356 [main] INFO  o.s.t.w.s.TestDispatcherServlet - Initializing Servlet ''
2025-08-24 22:54:09.361 [main] INFO  o.s.t.w.s.TestDispatcherServlet - Completed initialization in 5 ms
2025-08-24 22:54:09.447 [main] INFO  c.s.m.d.c.MessageControllerTest - Started MessageControllerTest in 6.535 seconds (process running for 9.399)
2025-08-24 22:54:42.427 [background-preinit] INFO  o.h.validator.internal.util.Version - HV000001: Hibernate Validator 8.0.2.Final
2025-08-24 22:54:42.592 [main] INFO  c.s.m.d.c.MessageControllerTest - Starting MessageControllerTest using Java 17.0.11 with PID 34536 (started by tntls in C:\Users\tntls\IdeaProjects\discodeit)
2025-08-24 22:54:42.595 [main] INFO  c.s.m.d.c.MessageControllerTest - The following 1 profile is active: "prod"
2025-08-24 22:54:46.533 [main] INFO  o.s.b.a.w.s.WelcomePageHandlerMapping - Adding welcome page: class path resource [static/index.html]
2025-08-24 22:54:47.318 [main] INFO  o.s.b.t.m.w.SpringBootMockServletContext - Initializing Spring TestDispatcherServlet ''
2025-08-24 22:54:47.318 [main] INFO  o.s.t.w.s.TestDispatcherServlet - Initializing Servlet ''
2025-08-24 22:54:47.320 [main] INFO  o.s.t.w.s.TestDispatcherServlet - Completed initialization in 2 ms
2025-08-24 22:54:47.399 [main] INFO  c.s.m.d.c.MessageControllerTest - Started MessageControllerTest in 6.439 seconds (process running for 8.62)
2025-08-24 22:56:58.020 [background-preinit] INFO  o.h.validator.internal.util.Version - HV000001: Hibernate Validator 8.0.2.Final
2025-08-24 22:56:58.170 [main] INFO  c.s.m.d.c.MessageControllerTest - Starting MessageControllerTest using Java 17.0.11 with PID 38144 (started by tntls in C:\Users\tntls\IdeaProjects\discodeit)
2025-08-24 22:56:58.183 [main] INFO  c.s.m.d.c.MessageControllerTest - The following 1 profile is active: "prod"
2025-08-24 22:57:06.216 [main] INFO  o.s.b.a.w.s.WelcomePageHandlerMapping - Adding welcome page: class path resource [static/index.html]
2025-08-24 22:57:07.914 [main] INFO  o.s.b.t.m.w.SpringBootMockServletContext - Initializing Spring TestDispatcherServlet ''
2025-08-24 22:57:07.915 [main] INFO  o.s.t.w.s.TestDispatcherServlet - Initializing Servlet ''
2025-08-24 22:57:07.917 [main] INFO  o.s.t.w.s.TestDispatcherServlet - Completed initialization in 2 ms
2025-08-24 22:57:08.011 [main] INFO  c.s.m.d.c.MessageControllerTest - Started MessageControllerTest in 11.528 seconds (process running for 14.556)
