2025-08-22 00:01:01.471 [background-preinit] INFO  o.h.validator.internal.util.Version - HV000001: Hibernate Validator 8.0.2.Final
2025-08-22 00:01:01.667 [main] INFO  c.s.m.d.c.MessageControllerTest - Starting MessageControllerTest using Java 17.0.11 with PID 38832 (started by tntls in C:\Users\tntls\IdeaProjects\discodeit)
2025-08-22 00:01:01.671 [main] DEBUG c.s.m.d.c.MessageControllerTest - Running with Spring Boot v3.5.0, Spring v6.2.7
2025-08-22 00:01:01.674 [main] INFO  c.s.m.d.c.MessageControllerTest - The following 1 profile is active: "dev"
2025-08-22 00:01:05.547 [main] INFO  o.s.b.a.w.s.WelcomePageHandlerMapping - Adding welcome page: class path resource [static/index.html]
2025-08-22 00:01:06.440 [main] INFO  o.s.b.t.m.w.SpringBootMockServletContext - Initializing Spring TestDispatcherServlet ''
2025-08-22 00:01:06.441 [main] INFO  o.s.t.w.s.TestDispatcherServlet - Initializing Servlet ''
2025-08-22 00:01:06.444 [main] INFO  o.s.t.w.s.TestDispatcherServlet - Completed initialization in 1 ms
2025-08-22 00:01:06.518 [main] INFO  c.s.m.d.c.MessageControllerTest - Started MessageControllerTest in 6.476 seconds (process running for 8.948)
2025-08-22 00:08:30.366 [background-preinit] INFO  o.h.validator.internal.util.Version - HV000001: Hibernate Validator 8.0.2.Final
2025-08-22 00:08:30.509 [main] INFO  c.s.m.d.c.MessageControllerTest - Starting MessageControllerTest using Java 17.0.11 with PID 22508 (started by tntls in C:\Users\tntls\IdeaProjects\discodeit)
2025-08-22 00:08:30.511 [main] DEBUG c.s.m.d.c.MessageControllerTest - Running with Spring Boot v3.5.0, Spring v6.2.7
2025-08-22 00:08:30.512 [main] INFO  c.s.m.d.c.MessageControllerTest - The following 1 profile is active: "dev"
2025-08-22 00:08:34.081 [main] INFO  o.s.b.a.w.s.WelcomePageHandlerMapping - Adding welcome page: class path resource [static/index.html]
2025-08-22 00:08:34.863 [main] INFO  o.s.b.t.m.w.SpringBootMockServletContext - Initializing Spring TestDispatcherServlet ''
2025-08-22 00:08:34.864 [main] INFO  o.s.t.w.s.TestDispatcherServlet - Initializing Servlet ''
2025-08-22 00:08:34.866 [main] INFO  o.s.t.w.s.TestDispatcherServlet - Completed initialization in 2 ms
2025-08-22 00:08:34.937 [main] INFO  c.s.m.d.c.MessageControllerTest - Started MessageControllerTest in 5.937 seconds (process running for 8.36)
2025-08-22 00:15:05.635 [background-preinit] INFO  o.h.validator.internal.util.Version - HV000001: Hibernate Validator 8.0.2.Final
2025-08-22 00:15:05.812 [main] INFO  c.s.m.d.c.MessageControllerTest - Starting MessageControllerTest using Java 17.0.11 with PID 33376 (started by tntls in C:\Users\tntls\IdeaProjects\discodeit)
2025-08-22 00:15:05.814 [main] DEBUG c.s.m.d.c.MessageControllerTest - Running with Spring Boot v3.5.0, Spring v6.2.7
2025-08-22 00:15:05.816 [main] INFO  c.s.m.d.c.MessageControllerTest - The following 1 profile is active: "dev"
2025-08-22 00:15:09.782 [main] INFO  o.s.b.a.w.s.WelcomePageHandlerMapping - Adding welcome page: class path resource [static/index.html]
2025-08-22 00:15:10.804 [main] INFO  o.s.b.t.m.w.SpringBootMockServletContext - Initializing Spring TestDispatcherServlet ''
2025-08-22 00:15:10.804 [main] INFO  o.s.t.w.s.TestDispatcherServlet - Initializing Servlet ''
2025-08-22 00:15:10.807 [main] INFO  o.s.t.w.s.TestDispatcherServlet - Completed initialization in 2 ms
2025-08-22 00:15:10.884 [main] INFO  c.s.m.d.c.MessageControllerTest - Started MessageControllerTest in 6.683 seconds (process running for 9.304)
2025-08-22 00:23:33.930 [background-preinit] INFO  o.h.validator.internal.util.Version - HV000001: Hibernate Validator 8.0.2.Final
2025-08-22 00:23:34.045 [main] INFO  c.s.m.d.c.MessageControllerTest - Starting MessageControllerTest using Java 17.0.11 with PID 36068 (started by tntls in C:\Users\tntls\IdeaProjects\discodeit)
2025-08-22 00:23:34.046 [main] DEBUG c.s.m.d.c.MessageControllerTest - Running with Spring Boot v3.5.0, Spring v6.2.7
2025-08-22 00:23:34.047 [main] INFO  c.s.m.d.c.MessageControllerTest - The following 1 profile is active: "dev"
2025-08-22 00:23:38.556 [main] INFO  o.s.b.a.w.s.WelcomePageHandlerMapping - Adding welcome page: class path resource [static/index.html]
2025-08-22 00:23:39.352 [main] INFO  o.s.b.t.m.w.SpringBootMockServletContext - Initializing Spring TestDispatcherServlet ''
2025-08-22 00:23:39.353 [main] INFO  o.s.t.w.s.TestDispatcherServlet - Initializing Servlet ''
2025-08-22 00:23:39.357 [main] INFO  o.s.t.w.s.TestDispatcherServlet - Completed initialization in 3 ms
2025-08-22 00:23:39.431 [main] INFO  c.s.m.d.c.MessageControllerTest - Started MessageControllerTest in 6.816 seconds (process running for 9.317)
2025-08-22 00:41:50.911 [background-preinit] INFO  o.h.validator.internal.util.Version - HV000001: Hibernate Validator 8.0.2.Final
2025-08-22 00:41:51.058 [main] INFO  c.s.m.d.c.MessageControllerTest - Starting MessageControllerTest using Java 17.0.11 with PID 7232 (started by tntls in C:\Users\tntls\IdeaProjects\discodeit)
2025-08-22 00:41:51.062 [main] DEBUG c.s.m.d.c.MessageControllerTest - Running with Spring Boot v3.5.0, Spring v6.2.7
2025-08-22 00:41:51.064 [main] INFO  c.s.m.d.c.MessageControllerTest - The following 1 profile is active: "dev"
2025-08-22 00:41:54.840 [main] INFO  o.s.b.a.w.s.WelcomePageHandlerMapping - Adding welcome page: class path resource [static/index.html]
2025-08-22 00:41:55.714 [main] INFO  o.s.b.t.m.w.SpringBootMockServletContext - Initializing Spring TestDispatcherServlet ''
2025-08-22 00:41:55.715 [main] INFO  o.s.t.w.s.TestDispatcherServlet - Initializing Servlet ''
2025-08-22 00:41:55.719 [main] INFO  o.s.t.w.s.TestDispatcherServlet - Completed initialization in 4 ms
2025-08-22 00:41:55.817 [main] INFO  c.s.m.d.c.MessageControllerTest - Started MessageControllerTest in 6.444 seconds (process running for 9.311)
2025-08-22 01:15:46.557 [background-preinit] INFO  o.h.validator.internal.util.Version - HV000001: Hibernate Validator 8.0.2.Final
2025-08-22 01:15:46.700 [main] INFO  c.s.m.d.c.MessageControllerTest - Starting MessageControllerTest using Java 17.0.11 with PID 42604 (started by tntls in C:\Users\tntls\IdeaProjects\discodeit)
2025-08-22 01:15:46.701 [main] DEBUG c.s.m.d.c.MessageControllerTest - Running with Spring Boot v3.5.0, Spring v6.2.7
2025-08-22 01:15:46.703 [main] INFO  c.s.m.d.c.MessageControllerTest - The following 1 profile is active: "dev"
2025-08-22 01:15:50.424 [main] INFO  o.s.b.a.w.s.WelcomePageHandlerMapping - Adding welcome page: class path resource [static/index.html]
2025-08-22 01:15:51.370 [main] INFO  o.s.b.t.m.w.SpringBootMockServletContext - Initializing Spring TestDispatcherServlet ''
2025-08-22 01:15:51.370 [main] INFO  o.s.t.w.s.TestDispatcherServlet - Initializing Servlet ''
2025-08-22 01:15:51.374 [main] INFO  o.s.t.w.s.TestDispatcherServlet - Completed initialization in 2 ms
2025-08-22 01:15:51.452 [main] INFO  c.s.m.d.c.MessageControllerTest - Started MessageControllerTest in 6.064 seconds (process running for 8.664)
2025-08-22 09:28:12.215 [background-preinit] INFO  o.h.validator.internal.util.Version - HV000001: Hibernate Validator 8.0.2.Final
2025-08-22 09:28:12.336 [main] INFO  c.s.m.d.c.ChannelControllerTest - Starting ChannelControllerTest using Java 17.0.11 with PID 23532 (started by tntls in C:\Users\tntls\IdeaProjects\discodeit)
2025-08-22 09:28:12.337 [main] DEBUG c.s.m.d.c.ChannelControllerTest - Running with Spring Boot v3.5.0, Spring v6.2.7
2025-08-22 09:28:12.338 [main] INFO  c.s.m.d.c.ChannelControllerTest - The following 1 profile is active: "dev"
2025-08-22 09:28:21.851 [main] INFO  o.s.b.a.w.s.WelcomePageHandlerMapping - Adding welcome page: class path resource [static/index.html]
2025-08-22 09:28:22.914 [main] INFO  o.s.b.t.m.w.SpringBootMockServletContext - Initializing Spring TestDispatcherServlet ''
2025-08-22 09:28:22.915 [main] INFO  o.s.t.w.s.TestDispatcherServlet - Initializing Servlet ''
2025-08-22 09:28:22.918 [main] INFO  o.s.t.w.s.TestDispatcherServlet - Completed initialization in 3 ms
2025-08-22 09:28:22.993 [main] INFO  c.s.m.d.c.ChannelControllerTest - Started ChannelControllerTest in 11.957 seconds (process running for 19.392)
2025-08-22 09:28:24.352 [main] INFO  o.s.t.c.s.AnnotationConfigContextLoaderUtils - Could not detect default configuration classes for test class [com.sprint.mission.discodeit.controller.MessageControllerTest]: MessageControllerTest does not declare any static, non-private, non-final, nested classes annotated with @Configuration.
2025-08-22 09:28:24.391 [main] INFO  o.s.b.t.c.SpringBootTestContextBootstrapper - Found @SpringBootConfiguration com.sprint.mission.discodeit.DiscodeitApplication for test class com.sprint.mission.discodeit.controller.MessageControllerTest
2025-08-22 09:28:24.542 [main] INFO  c.s.m.d.c.MessageControllerTest - Starting MessageControllerTest using Java 17.0.11 with PID 23532 (started by tntls in C:\Users\tntls\IdeaProjects\discodeit)
2025-08-22 09:28:24.543 [main] DEBUG c.s.m.d.c.MessageControllerTest - Running with Spring Boot v3.5.0, Spring v6.2.7
2025-08-22 09:28:24.544 [main] INFO  c.s.m.d.c.MessageControllerTest - The following 1 profile is active: "dev"
2025-08-22 09:28:25.363 [main] INFO  o.s.b.a.w.s.WelcomePageHandlerMapping - Adding welcome page: class path resource [static/index.html]
2025-08-22 09:28:25.529 [main] INFO  o.s.b.t.m.w.SpringBootMockServletContext - Initializing Spring TestDispatcherServlet ''
2025-08-22 09:28:25.530 [main] INFO  o.s.t.w.s.TestDispatcherServlet - Initializing Servlet ''
2025-08-22 09:28:25.532 [main] INFO  o.s.t.w.s.TestDispatcherServlet - Completed initialization in 1 ms
2025-08-22 09:28:25.551 [main] INFO  c.s.m.d.c.MessageControllerTest - Started MessageControllerTest in 1.15 seconds (process running for 21.949)
2025-08-22 09:28:25.769 [main] INFO  o.s.t.c.s.AnnotationConfigContextLoaderUtils - Could not detect default configuration classes for test class [com.sprint.mission.discodeit.controller.UserControllerTest]: UserControllerTest does not declare any static, non-private, non-final, nested classes annotated with @Configuration.
2025-08-22 09:28:25.814 [main] INFO  o.s.b.t.c.SpringBootTestContextBootstrapper - Found @SpringBootConfiguration com.sprint.mission.discodeit.DiscodeitApplication for test class com.sprint.mission.discodeit.controller.UserControllerTest
2025-08-22 09:28:25.933 [main] INFO  c.s.m.d.c.UserControllerTest - Starting UserControllerTest using Java 17.0.11 with PID 23532 (started by tntls in C:\Users\tntls\IdeaProjects\discodeit)
2025-08-22 09:28:25.933 [main] DEBUG c.s.m.d.c.UserControllerTest - Running with Spring Boot v3.5.0, Spring v6.2.7
2025-08-22 09:28:25.934 [main] INFO  c.s.m.d.c.UserControllerTest - The following 1 profile is active: "dev"
2025-08-22 09:28:26.496 [main] INFO  o.s.b.a.w.s.WelcomePageHandlerMapping - Adding welcome page: class path resource [static/index.html]
2025-08-22 09:28:26.628 [main] INFO  o.s.b.t.m.w.SpringBootMockServletContext - Initializing Spring TestDispatcherServlet ''
2025-08-22 09:28:26.628 [main] INFO  o.s.t.w.s.TestDispatcherServlet - Initializing Servlet ''
2025-08-22 09:28:26.629 [main] INFO  o.s.t.w.s.TestDispatcherServlet - Completed initialization in 1 ms
2025-08-22 09:28:26.644 [main] INFO  c.s.m.d.c.UserControllerTest - Started UserControllerTest in 0.824 seconds (process running for 23.042)
2025-08-22 09:35:52.170 [background-preinit] INFO  o.h.validator.internal.util.Version - HV000001: Hibernate Validator 8.0.2.Final
2025-08-22 09:35:52.355 [main] INFO  c.s.m.d.c.UserControllerTest - Starting UserControllerTest using Java 17.0.11 with PID 40900 (started by tntls in C:\Users\tntls\IdeaProjects\discodeit)
2025-08-22 09:35:52.357 [main] DEBUG c.s.m.d.c.UserControllerTest - Running with Spring Boot v3.5.0, Spring v6.2.7
2025-08-22 09:35:52.359 [main] INFO  c.s.m.d.c.UserControllerTest - The following 1 profile is active: "dev"
2025-08-22 09:35:56.749 [main] INFO  o.s.b.a.w.s.WelcomePageHandlerMapping - Adding welcome page: class path resource [static/index.html]
2025-08-22 09:35:57.745 [main] INFO  o.s.b.t.m.w.SpringBootMockServletContext - Initializing Spring TestDispatcherServlet ''
2025-08-22 09:35:57.745 [main] INFO  o.s.t.w.s.TestDispatcherServlet - Initializing Servlet ''
2025-08-22 09:35:57.748 [main] INFO  o.s.t.w.s.TestDispatcherServlet - Completed initialization in 2 ms
2025-08-22 09:35:57.819 [main] INFO  c.s.m.d.c.UserControllerTest - Started UserControllerTest in 7.198 seconds (process running for 9.909)
2025-08-22 09:36:34.035 [background-preinit] INFO  o.h.validator.internal.util.Version - HV000001: Hibernate Validator 8.0.2.Final
2025-08-22 09:36:34.136 [main] INFO  c.s.m.d.c.UserControllerTest - Starting UserControllerTest using Java 17.0.11 with PID 19948 (started by tntls in C:\Users\tntls\IdeaProjects\discodeit)
2025-08-22 09:36:34.137 [main] DEBUG c.s.m.d.c.UserControllerTest - Running with Spring Boot v3.5.0, Spring v6.2.7
2025-08-22 09:36:34.138 [main] INFO  c.s.m.d.c.UserControllerTest - The following 1 profile is active: "dev"
2025-08-22 09:36:37.708 [main] INFO  o.s.b.a.w.s.WelcomePageHandlerMapping - Adding welcome page: class path resource [static/index.html]
2025-08-22 09:36:38.482 [main] INFO  o.s.b.t.m.w.SpringBootMockServletContext - Initializing Spring TestDispatcherServlet ''
2025-08-22 09:36:38.483 [main] INFO  o.s.t.w.s.TestDispatcherServlet - Initializing Servlet ''
2025-08-22 09:36:38.485 [main] INFO  o.s.t.w.s.TestDispatcherServlet - Completed initialization in 2 ms
2025-08-22 09:36:38.551 [main] INFO  c.s.m.d.c.UserControllerTest - Started UserControllerTest in 5.662 seconds (process running for 7.647)
2025-08-22 11:00:31.707 [background-preinit] INFO  o.h.validator.internal.util.Version - HV000001: Hibernate Validator 8.0.2.Final
2025-08-22 11:00:31.877 [main] INFO  c.s.m.d.i.UserIntegrationTest - Starting UserIntegrationTest using Java 17.0.11 with PID 36928 (started by tntls in C:\Users\tntls\IdeaProjects\discodeit)
2025-08-22 11:00:31.878 [main] DEBUG c.s.m.d.i.UserIntegrationTest - Running with Spring Boot v3.5.0, Spring v6.2.7
2025-08-22 11:00:31.881 [main] INFO  c.s.m.d.i.UserIntegrationTest - The following 1 profile is active: "dev"
2025-08-22 11:00:35.432 [main] INFO  o.s.d.r.c.RepositoryConfigurationDelegate - Bootstrapping Spring Data JPA repositories in DEFAULT mode.
2025-08-22 11:00:35.745 [main] INFO  o.s.d.r.c.RepositoryConfigurationDelegate - Finished Spring Data repository scanning in 277 ms. Found 7 JPA repository interfaces.
2025-08-22 11:00:37.676 [main] INFO  com.zaxxer.hikari.HikariDataSource - HikariPool-1 - Starting...
2025-08-22 11:00:38.524 [main] INFO  com.zaxxer.hikari.pool.HikariPool - HikariPool-1 - Added connection org.postgresql.jdbc.PgConnection@61993d18
2025-08-22 11:00:38.528 [main] INFO  com.zaxxer.hikari.HikariDataSource - HikariPool-1 - Start completed.
2025-08-22 11:00:38.772 [main] INFO  o.h.jpa.internal.util.LogHelper - HHH000204: Processing PersistenceUnitInfo [name: default]
2025-08-22 11:00:38.969 [main] INFO  org.hibernate.Version - HHH000412: Hibernate ORM core version 6.6.15.Final
2025-08-22 11:00:39.107 [main] INFO  o.h.c.i.RegionFactoryInitiator - HHH000026: Second-level cache disabled
2025-08-22 11:00:40.138 [main] INFO  o.s.o.j.p.SpringPersistenceUnitInfo - No LoadTimeWeaver setup: ignoring JPA class transformer
2025-08-22 11:00:40.488 [main] INFO  o.hibernate.orm.connections.pooling - HHH10001005: Database info:
	Database JDBC URL [Connecting through datasource 'HikariDataSource (HikariPool-1)']
	Database driver: undefined/unknown
	Database version: 17.5
	Autocommit mode: undefined/unknown
	Isolation level: undefined/unknown
	Minimum pool size: undefined/unknown
	Maximum pool size: undefined/unknown
2025-08-22 11:00:43.099 [main] INFO  o.h.e.t.j.p.i.JtaPlatformInitiator - HHH000489: No JTA platform available (set 'hibernate.transaction.jta.platform' to enable JTA platform integration)
2025-08-22 11:00:43.131 [main] DEBUG org.hibernate.SQL - 
    set client_min_messages = WARNING
2025-08-22 11:00:43.133 [main] DEBUG org.hibernate.SQL - 
    alter table if exists message_attachments 
       drop constraint if exists FKsd1m8rb8jcpbcnb7rpdue7ctc
2025-08-22 11:00:43.146 [main] DEBUG org.hibernate.SQL - 
    alter table if exists message_attachments 
       drop constraint if exists FKj7twd218e2gqw9cmlhwvo1rth
2025-08-22 11:00:43.148 [main] DEBUG org.hibernate.SQL - 
    alter table if exists messages 
       drop constraint if exists FKowtlim26svclkatusptbgi7u1
2025-08-22 11:00:43.149 [main] DEBUG org.hibernate.SQL - 
    alter table if exists messages 
       drop constraint if exists FK3u3ckbhwq9se1cmopk2pq05b2
2025-08-22 11:00:43.151 [main] DEBUG org.hibernate.SQL - 
    alter table if exists read_statuses 
       drop constraint if exists FKa38ri44ml4gfdpklx4ahqr8gd
2025-08-22 11:00:43.152 [main] DEBUG org.hibernate.SQL - 
    alter table if exists read_statuses 
       drop constraint if exists FKml3k4wr9sj5yxrmj6d0aoib2e
2025-08-22 11:00:43.155 [main] DEBUG org.hibernate.SQL - 
    alter table if exists user_status 
       drop constraint if exists FKi21pi0g9yogah1kwedmuhnt5s
2025-08-22 11:00:43.156 [main] DEBUG org.hibernate.SQL - 
    alter table if exists users 
       drop constraint if exists FKtbudycgrip49xdptogmhfqnso
2025-08-22 11:00:43.159 [main] DEBUG org.hibernate.SQL - 
    drop table if exists binary_contents cascade
2025-08-22 11:00:43.171 [main] DEBUG org.hibernate.SQL - 
    drop table if exists channels cascade
2025-08-22 11:00:43.176 [main] DEBUG org.hibernate.SQL - 
    drop table if exists message_attachments cascade
2025-08-22 11:00:43.181 [main] DEBUG org.hibernate.SQL - 
    drop table if exists messages cascade
2025-08-22 11:00:43.184 [main] DEBUG org.hibernate.SQL - 
    drop table if exists read_statuses cascade
2025-08-22 11:00:43.188 [main] DEBUG org.hibernate.SQL - 
    drop table if exists user_status cascade
2025-08-22 11:00:43.191 [main] DEBUG org.hibernate.SQL - 
    drop table if exists users cascade
2025-08-22 11:00:43.210 [main] DEBUG org.hibernate.SQL - 
    create table binary_contents (
        created_at timestamp(6) with time zone,
        size bigint not null,
        id uuid not null,
        content_type varchar(255) not null,
        file_name varchar(255) not null,
        bytes bytea not null,
        primary key (id)
    )
2025-08-22 11:00:43.240 [main] DEBUG org.hibernate.SQL - 
    create table channels (
        created_at timestamp(6) with time zone,
        updated_at timestamp(6) with time zone,
        id uuid not null,
        description varchar(255),
        name varchar(255),
        type varchar(255) not null check (type in ('PRIVATE','PUBLIC')),
        primary key (id)
    )
2025-08-22 11:00:43.248 [main] DEBUG org.hibernate.SQL - 
    create table message_attachments (
        created_at timestamp(6) with time zone,
        attachment_id uuid unique,
        id uuid not null,
        message_id uuid,
        primary key (id)
    )
2025-08-22 11:00:43.253 [main] DEBUG org.hibernate.SQL - 
    create table messages (
        created_at timestamp(6) with time zone,
        updated_at timestamp(6) with time zone,
        author_id uuid not null,
        channel_id uuid not null,
        id uuid not null,
        content varchar(255) not null,
        primary key (id)
    )
2025-08-22 11:00:43.256 [main] DEBUG org.hibernate.SQL - 
    create table read_statuses (
        created_at timestamp(6) with time zone,
        last_read_at timestamp(6) with time zone not null,
        updated_at timestamp(6) with time zone,
        channel_id uuid not null,
        id uuid not null,
        user_id uuid not null,
        primary key (id),
        unique (user_id, channel_id)
    )
2025-08-22 11:00:43.267 [main] DEBUG org.hibernate.SQL - 
    create table user_status (
        created_at timestamp(6) with time zone,
        last_active_at timestamp(6) with time zone not null,
        updated_at timestamp(6) with time zone,
        id uuid not null,
        user_id uuid not null unique,
        primary key (id)
    )
2025-08-22 11:00:43.271 [main] DEBUG org.hibernate.SQL - 
    create table users (
        created_at timestamp(6) with time zone,
        updated_at timestamp(6) with time zone,
        id uuid not null,
        profile_id uuid unique,
        email varchar(255) not null unique,
        password varchar(255) not null,
        username varchar(255) not null unique,
        primary key (id)
    )
2025-08-22 11:00:43.279 [main] DEBUG org.hibernate.SQL - 
    alter table if exists message_attachments 
       add constraint FKsd1m8rb8jcpbcnb7rpdue7ctc 
       foreign key (attachment_id) 
       references binary_contents
2025-08-22 11:00:43.287 [main] DEBUG org.hibernate.SQL - 
    alter table if exists message_attachments 
       add constraint FKj7twd218e2gqw9cmlhwvo1rth 
       foreign key (message_id) 
       references messages
2025-08-22 11:00:43.289 [main] DEBUG org.hibernate.SQL - 
    alter table if exists messages 
       add constraint FKowtlim26svclkatusptbgi7u1 
       foreign key (author_id) 
       references users
2025-08-22 11:00:43.292 [main] DEBUG org.hibernate.SQL - 
    alter table if exists messages 
       add constraint FK3u3ckbhwq9se1cmopk2pq05b2 
       foreign key (channel_id) 
       references channels
2025-08-22 11:00:43.294 [main] DEBUG org.hibernate.SQL - 
    alter table if exists read_statuses 
       add constraint FKa38ri44ml4gfdpklx4ahqr8gd 
       foreign key (channel_id) 
       references channels
2025-08-22 11:00:43.296 [main] DEBUG org.hibernate.SQL - 
    alter table if exists read_statuses 
       add constraint FKml3k4wr9sj5yxrmj6d0aoib2e 
       foreign key (user_id) 
       references users
2025-08-22 11:00:43.298 [main] DEBUG org.hibernate.SQL - 
    alter table if exists user_status 
       add constraint FKi21pi0g9yogah1kwedmuhnt5s 
       foreign key (user_id) 
       references users
2025-08-22 11:00:43.300 [main] DEBUG org.hibernate.SQL - 
    alter table if exists users 
       add constraint FKtbudycgrip49xdptogmhfqnso 
       foreign key (profile_id) 
       references binary_contents
2025-08-22 11:00:43.306 [main] INFO  o.s.o.j.LocalContainerEntityManagerFactoryBean - Initialized JPA EntityManagerFactory for persistence unit 'default'
2025-08-22 11:00:44.427 [main] INFO  o.s.d.j.r.query.QueryEnhancerFactory - Hibernate is in classpath; If applicable, HQL parser will be used.
2025-08-22 11:00:46.915 [main] INFO  o.s.b.a.w.s.WelcomePageHandlerMapping - Adding welcome page: class path resource [static/index.html]
2025-08-22 11:00:48.947 [main] INFO  o.s.b.t.m.w.SpringBootMockServletContext - Initializing Spring TestDispatcherServlet ''
2025-08-22 11:00:48.947 [main] INFO  o.s.t.w.s.TestDispatcherServlet - Initializing Servlet ''
2025-08-22 11:00:48.958 [main] INFO  o.s.b.a.e.web.EndpointLinksResolver - Exposing 4 endpoints beneath base path '/actuator'
2025-08-22 11:00:49.020 [main] INFO  o.s.t.w.s.TestDispatcherServlet - Completed initialization in 72 ms
2025-08-22 11:00:49.232 [main] INFO  c.s.m.d.i.UserIntegrationTest - Started UserIntegrationTest in 19.104 seconds (process running for 22.347)
2025-08-22 11:00:50.697 [main] INFO  c.s.m.d.aop.MethodLoggingAspect - Method call: (class=BasicUserService, method=createUser, parameters=(UserCreateServiceRequest = (final username=test, final email=test@test.com, final password=***MASKED***, final profile=org.springframework.mock.web.MockMultipartFile@622168f7))
2025-08-22 11:00:50.698 [main] INFO  c.s.m.d.s.basic.BasicUserService - User attempting registeration - username : test, userEmail : test@test.com
2025-08-22 11:00:50.872 [main] DEBUG org.hibernate.SQL - 
    select
        u1_0.id,
        u1_0.created_at,
        u1_0.email,
        u1_0.password,
        u1_0.profile_id,
        u1_0.updated_at,
        u1_0.username 
    from
        users u1_0 
    where
        u1_0.email=?
2025-08-22 11:00:50.885 [main] TRACE org.hibernate.orm.jdbc.bind - binding parameter (1:VARCHAR) <- [test@test.com]
2025-08-22 11:00:50.952 [main] DEBUG c.s.m.d.s.basic.BasicUserService - email is not duplicated : test@test.com
2025-08-22 11:00:50.955 [main] DEBUG org.hibernate.SQL - 
    select
        u1_0.id,
        u1_0.created_at,
        u1_0.email,
        u1_0.password,
        u1_0.profile_id,
        u1_0.updated_at,
        u1_0.username 
    from
        users u1_0 
    where
        u1_0.username=?
2025-08-22 11:00:50.956 [main] TRACE org.hibernate.orm.jdbc.bind - binding parameter (1:VARCHAR) <- [test]
2025-08-22 11:00:50.958 [main] DEBUG c.s.m.d.s.basic.BasicUserService - username is not duplicated : test
2025-08-22 11:00:51.098 [main] INFO  c.s.m.d.s.basic.BasicUserService - user created successfully - userId : d8e08acb-7f07-4377-8478-68190439cbd2
2025-08-22 11:00:51.100 [main] INFO  c.s.m.d.aop.MethodLoggingAspect - Method return: (class : BasicUserService, method : createUser)
2025-08-22 11:00:51.259 [SpringApplicationShutdownHook] INFO  o.s.o.j.LocalContainerEntityManagerFactoryBean - Closing JPA EntityManagerFactory for persistence unit 'default'
2025-08-22 11:00:51.265 [SpringApplicationShutdownHook] INFO  com.zaxxer.hikari.HikariDataSource - HikariPool-1 - Shutdown initiated...
2025-08-22 11:00:51.270 [SpringApplicationShutdownHook] INFO  com.zaxxer.hikari.HikariDataSource - HikariPool-1 - Shutdown completed.
2025-08-22 15:32:50.634 [background-preinit] INFO  o.h.validator.internal.util.Version - HV000001: Hibernate Validator 8.0.2.Final
2025-08-22 15:32:50.761 [main] INFO  c.s.m.discodeit.DiscodeitApplication - Starting DiscodeitApplication using Java 17.0.11 with PID 43928 (C:\Users\tntls\IdeaProjects\discodeit\out\production\classes started by tntls in C:\Users\tntls\IdeaProjects\discodeit)
2025-08-22 15:32:50.763 [main] DEBUG c.s.m.discodeit.DiscodeitApplication - Running with Spring Boot v3.5.0, Spring v6.2.7
2025-08-22 15:32:50.764 [main] INFO  c.s.m.discodeit.DiscodeitApplication - The following 1 profile is active: "dev"
2025-08-22 15:32:54.085 [main] INFO  o.s.d.r.c.RepositoryConfigurationDelegate - Bootstrapping Spring Data JPA repositories in DEFAULT mode.
2025-08-22 15:32:54.184 [main] INFO  o.s.d.r.c.RepositoryConfigurationDelegate - Finished Spring Data repository scanning in 90 ms. Found 7 JPA repository interfaces.
2025-08-22 15:33:02.915 [main] INFO  o.s.b.w.e.tomcat.TomcatWebServer - Tomcat initialized with port 8080 (http)
2025-08-22 15:33:02.933 [main] INFO  o.a.coyote.http11.Http11NioProtocol - Initializing ProtocolHandler ["http-nio-8080"]
2025-08-22 15:33:02.935 [main] INFO  o.a.catalina.core.StandardService - Starting service [Tomcat]
2025-08-22 15:33:02.935 [main] INFO  o.a.catalina.core.StandardEngine - Starting Servlet engine: [Apache Tomcat/10.1.41]
2025-08-22 15:33:03.024 [main] INFO  o.a.c.c.C.[Tomcat].[localhost].[/] - Initializing Spring embedded WebApplicationContext
2025-08-22 15:33:03.024 [main] INFO  o.s.b.w.s.c.ServletWebServerApplicationContext - Root WebApplicationContext: initialization completed in 12145 ms
2025-08-22 15:33:03.373 [main] INFO  com.zaxxer.hikari.HikariDataSource - HikariPool-1 - Starting...
2025-08-22 15:33:03.750 [main] INFO  com.zaxxer.hikari.pool.HikariPool - HikariPool-1 - Added connection org.postgresql.jdbc.PgConnection@3ca278bc
2025-08-22 15:33:03.753 [main] INFO  com.zaxxer.hikari.HikariDataSource - HikariPool-1 - Start completed.
2025-08-22 15:33:03.885 [main] INFO  o.h.jpa.internal.util.LogHelper - HHH000204: Processing PersistenceUnitInfo [name: default]
2025-08-22 15:33:04.001 [main] INFO  org.hibernate.Version - HHH000412: Hibernate ORM core version 6.6.15.Final
2025-08-22 15:33:04.063 [main] INFO  o.h.c.i.RegionFactoryInitiator - HHH000026: Second-level cache disabled
2025-08-22 15:33:04.706 [main] INFO  o.s.o.j.p.SpringPersistenceUnitInfo - No LoadTimeWeaver setup: ignoring JPA class transformer
2025-08-22 15:33:04.928 [main] INFO  o.hibernate.orm.connections.pooling - HHH10001005: Database info:
	Database JDBC URL [Connecting through datasource 'HikariDataSource (HikariPool-1)']
	Database driver: undefined/unknown
	Database version: 17.5
	Autocommit mode: undefined/unknown
	Isolation level: undefined/unknown
	Minimum pool size: undefined/unknown
	Maximum pool size: undefined/unknown
2025-08-22 15:33:06.972 [main] INFO  o.h.e.t.j.p.i.JtaPlatformInitiator - HHH000489: No JTA platform available (set 'hibernate.transaction.jta.platform' to enable JTA platform integration)
2025-08-22 15:33:07.008 [main] DEBUG org.hibernate.SQL - 
    set client_min_messages = WARNING
2025-08-22 15:33:07.011 [main] DEBUG org.hibernate.SQL - 
    alter table if exists message_attachments 
       drop constraint if exists FKsd1m8rb8jcpbcnb7rpdue7ctc
2025-08-22 15:33:07.027 [main] DEBUG org.hibernate.SQL - 
    alter table if exists message_attachments 
       drop constraint if exists FKj7twd218e2gqw9cmlhwvo1rth
2025-08-22 15:33:07.029 [main] DEBUG org.hibernate.SQL - 
    alter table if exists messages 
       drop constraint if exists FKowtlim26svclkatusptbgi7u1
2025-08-22 15:33:07.030 [main] DEBUG org.hibernate.SQL - 
    alter table if exists messages 
       drop constraint if exists FK3u3ckbhwq9se1cmopk2pq05b2
2025-08-22 15:33:07.031 [main] DEBUG org.hibernate.SQL - 
    alter table if exists read_statuses 
       drop constraint if exists FKa38ri44ml4gfdpklx4ahqr8gd
2025-08-22 15:33:07.033 [main] DEBUG org.hibernate.SQL - 
    alter table if exists read_statuses 
       drop constraint if exists FKml3k4wr9sj5yxrmj6d0aoib2e
2025-08-22 15:33:07.034 [main] DEBUG org.hibernate.SQL - 
    alter table if exists user_status 
       drop constraint if exists FKi21pi0g9yogah1kwedmuhnt5s
2025-08-22 15:33:07.035 [main] DEBUG org.hibernate.SQL - 
    alter table if exists users 
       drop constraint if exists FKtbudycgrip49xdptogmhfqnso
2025-08-22 15:33:07.036 [main] DEBUG org.hibernate.SQL - 
    drop table if exists binary_contents cascade
2025-08-22 15:33:07.044 [main] DEBUG org.hibernate.SQL - 
    drop table if exists channels cascade
2025-08-22 15:33:07.049 [main] DEBUG org.hibernate.SQL - 
    drop table if exists message_attachments cascade
2025-08-22 15:33:07.052 [main] DEBUG org.hibernate.SQL - 
    drop table if exists messages cascade
2025-08-22 15:33:07.056 [main] DEBUG org.hibernate.SQL - 
    drop table if exists read_statuses cascade
2025-08-22 15:33:07.059 [main] DEBUG org.hibernate.SQL - 
    drop table if exists user_status cascade
2025-08-22 15:33:07.063 [main] DEBUG org.hibernate.SQL - 
    drop table if exists users cascade
2025-08-22 15:33:07.080 [main] DEBUG org.hibernate.SQL - 
    create table binary_contents (
        created_at timestamp(6) with time zone,
        size bigint not null,
        id uuid not null,
        content_type varchar(255) not null,
        file_name varchar(255) not null,
        bytes bytea not null,
        primary key (id)
    )
2025-08-22 15:33:07.101 [main] DEBUG org.hibernate.SQL - 
    create table channels (
        created_at timestamp(6) with time zone,
        updated_at timestamp(6) with time zone,
        id uuid not null,
        description varchar(255),
        name varchar(255),
        type varchar(255) not null check (type in ('PRIVATE','PUBLIC')),
        primary key (id)
    )
2025-08-22 15:33:07.107 [main] DEBUG org.hibernate.SQL - 
    create table message_attachments (
        created_at timestamp(6) with time zone,
        attachment_id uuid unique,
        id uuid not null,
        message_id uuid,
        primary key (id)
    )
2025-08-22 15:33:07.111 [main] DEBUG org.hibernate.SQL - 
    create table messages (
        created_at timestamp(6) with time zone,
        updated_at timestamp(6) with time zone,
        author_id uuid not null,
        channel_id uuid not null,
        id uuid not null,
        content varchar(255) not null,
        primary key (id)
    )
2025-08-22 15:33:07.114 [main] DEBUG org.hibernate.SQL - 
    create table read_statuses (
        created_at timestamp(6) with time zone,
        last_read_at timestamp(6) with time zone not null,
        updated_at timestamp(6) with time zone,
        channel_id uuid not null,
        id uuid not null,
        user_id uuid not null,
        primary key (id),
        unique (user_id, channel_id)
    )
2025-08-22 15:33:07.119 [main] DEBUG org.hibernate.SQL - 
    create table user_status (
        created_at timestamp(6) with time zone,
        last_active_at timestamp(6) with time zone not null,
        updated_at timestamp(6) with time zone,
        id uuid not null,
        user_id uuid not null unique,
        primary key (id)
    )
2025-08-22 15:33:07.124 [main] DEBUG org.hibernate.SQL - 
    create table users (
        created_at timestamp(6) with time zone,
        updated_at timestamp(6) with time zone,
        id uuid not null,
        profile_id uuid unique,
        email varchar(255) not null unique,
        password varchar(255) not null,
        username varchar(255) not null unique,
        primary key (id)
    )
2025-08-22 15:33:07.132 [main] DEBUG org.hibernate.SQL - 
    alter table if exists message_attachments 
       add constraint FKsd1m8rb8jcpbcnb7rpdue7ctc 
       foreign key (attachment_id) 
       references binary_contents
2025-08-22 15:33:07.142 [main] DEBUG org.hibernate.SQL - 
    alter table if exists message_attachments 
       add constraint FKj7twd218e2gqw9cmlhwvo1rth 
       foreign key (message_id) 
       references messages
2025-08-22 15:33:07.145 [main] DEBUG org.hibernate.SQL - 
    alter table if exists messages 
       add constraint FKowtlim26svclkatusptbgi7u1 
       foreign key (author_id) 
       references users
2025-08-22 15:33:07.147 [main] DEBUG org.hibernate.SQL - 
    alter table if exists messages 
       add constraint FK3u3ckbhwq9se1cmopk2pq05b2 
       foreign key (channel_id) 
       references channels
2025-08-22 15:33:07.150 [main] DEBUG org.hibernate.SQL - 
    alter table if exists read_statuses 
       add constraint FKa38ri44ml4gfdpklx4ahqr8gd 
       foreign key (channel_id) 
       references channels
2025-08-22 15:33:07.152 [main] DEBUG org.hibernate.SQL - 
    alter table if exists read_statuses 
       add constraint FKml3k4wr9sj5yxrmj6d0aoib2e 
       foreign key (user_id) 
       references users
2025-08-22 15:33:07.154 [main] DEBUG org.hibernate.SQL - 
    alter table if exists user_status 
       add constraint FKi21pi0g9yogah1kwedmuhnt5s 
       foreign key (user_id) 
       references users
2025-08-22 15:33:07.157 [main] DEBUG org.hibernate.SQL - 
    alter table if exists users 
       add constraint FKtbudycgrip49xdptogmhfqnso 
       foreign key (profile_id) 
       references binary_contents
2025-08-22 15:33:07.164 [main] INFO  o.s.o.j.LocalContainerEntityManagerFactoryBean - Initialized JPA EntityManagerFactory for persistence unit 'default'
2025-08-22 15:33:07.783 [main] INFO  o.s.d.j.r.query.QueryEnhancerFactory - Hibernate is in classpath; If applicable, HQL parser will be used.
2025-08-22 15:33:08.841 [main] INFO  o.s.b.a.w.s.WelcomePageHandlerMapping - Adding welcome page: class path resource [static/index.html]
2025-08-22 15:33:10.169 [main] INFO  o.s.b.a.e.web.EndpointLinksResolver - Exposing 4 endpoints beneath base path '/actuator'
2025-08-22 15:33:10.307 [main] INFO  o.a.coyote.http11.Http11NioProtocol - Starting ProtocolHandler ["http-nio-8080"]
2025-08-22 15:33:10.356 [main] INFO  o.s.b.w.e.tomcat.TomcatWebServer - Tomcat started on port 8080 (http) with context path '/'
2025-08-22 15:33:10.425 [main] INFO  c.s.m.discodeit.DiscodeitApplication - Started DiscodeitApplication in 22.175 seconds (process running for 23.748)
2025-08-22 15:33:11.113 [RMI TCP Connection(4)-172.30.1.81] INFO  o.a.c.c.C.[Tomcat].[localhost].[/] - Initializing Spring DispatcherServlet 'dispatcherServlet'
2025-08-22 15:33:11.121 [RMI TCP Connection(4)-172.30.1.81] INFO  o.s.web.servlet.DispatcherServlet - Initializing Servlet 'dispatcherServlet'
2025-08-22 15:33:11.124 [RMI TCP Connection(4)-172.30.1.81] INFO  o.s.web.servlet.DispatcherServlet - Completed initialization in 2 ms
2025-08-22 15:33:55.429 [SpringApplicationShutdownHook] INFO  o.s.b.w.e.tomcat.GracefulShutdown - Commencing graceful shutdown. Waiting for active requests to complete
2025-08-22 15:34:14.538 [background-preinit] INFO  o.h.validator.internal.util.Version - HV000001: Hibernate Validator 8.0.2.Final
2025-08-22 15:34:14.641 [main] INFO  c.s.m.discodeit.DiscodeitApplication - Starting DiscodeitApplication using Java 17.0.11 with PID 20364 (C:\Users\tntls\IdeaProjects\discodeit\out\production\classes started by tntls in C:\Users\tntls\IdeaProjects\discodeit)
2025-08-22 15:34:14.643 [main] INFO  c.s.m.discodeit.DiscodeitApplication - The following 1 profile is active: "prod"
2025-08-22 15:34:16.576 [main] INFO  o.s.d.r.c.RepositoryConfigurationDelegate - Bootstrapping Spring Data JPA repositories in DEFAULT mode.
2025-08-22 15:34:16.702 [main] INFO  o.s.d.r.c.RepositoryConfigurationDelegate - Finished Spring Data repository scanning in 113 ms. Found 7 JPA repository interfaces.
2025-08-22 15:34:17.813 [main] INFO  o.s.b.w.e.tomcat.TomcatWebServer - Tomcat initialized with port 8080 (http)
2025-08-22 15:34:17.834 [main] INFO  o.a.coyote.http11.Http11NioProtocol - Initializing ProtocolHandler ["http-nio-8080"]
2025-08-22 15:34:17.836 [main] INFO  o.a.catalina.core.StandardService - Starting service [Tomcat]
2025-08-22 15:34:17.836 [main] INFO  o.a.catalina.core.StandardEngine - Starting Servlet engine: [Apache Tomcat/10.1.41]
2025-08-22 15:34:17.940 [main] INFO  o.a.c.c.C.[Tomcat].[localhost].[/] - Initializing Spring embedded WebApplicationContext
2025-08-22 15:34:17.941 [main] INFO  o.s.b.w.s.c.ServletWebServerApplicationContext - Root WebApplicationContext: initialization completed in 3210 ms
2025-08-22 15:34:18.237 [main] INFO  com.zaxxer.hikari.HikariDataSource - HikariPool-1 - Starting...
2025-08-22 15:34:18.638 [main] INFO  com.zaxxer.hikari.pool.HikariPool - HikariPool-1 - Added connection org.postgresql.jdbc.PgConnection@65ef9a0a
2025-08-22 15:34:18.640 [main] INFO  com.zaxxer.hikari.HikariDataSource - HikariPool-1 - Start completed.
2025-08-22 15:34:18.760 [main] INFO  o.h.jpa.internal.util.LogHelper - HHH000204: Processing PersistenceUnitInfo [name: default]
2025-08-22 15:34:18.908 [main] INFO  org.hibernate.Version - HHH000412: Hibernate ORM core version 6.6.15.Final
2025-08-22 15:34:18.985 [main] INFO  o.h.c.i.RegionFactoryInitiator - HHH000026: Second-level cache disabled
2025-08-22 15:34:19.583 [main] INFO  o.s.o.j.p.SpringPersistenceUnitInfo - No LoadTimeWeaver setup: ignoring JPA class transformer
2025-08-22 15:34:19.766 [main] INFO  o.hibernate.orm.connections.pooling - HHH10001005: Database info:
	Database JDBC URL [Connecting through datasource 'HikariDataSource (HikariPool-1)']
	Database driver: undefined/unknown
	Database version: 17.5
	Autocommit mode: undefined/unknown
	Isolation level: undefined/unknown
	Minimum pool size: undefined/unknown
	Maximum pool size: undefined/unknown
2025-08-22 15:34:22.003 [main] INFO  o.h.e.t.j.p.i.JtaPlatformInitiator - HHH000489: No JTA platform available (set 'hibernate.transaction.jta.platform' to enable JTA platform integration)
2025-08-22 15:34:22.007 [main] INFO  o.s.o.j.LocalContainerEntityManagerFactoryBean - Initialized JPA EntityManagerFactory for persistence unit 'default'
2025-08-22 15:34:22.526 [main] INFO  o.s.d.j.r.query.QueryEnhancerFactory - Hibernate is in classpath; If applicable, HQL parser will be used.
2025-08-22 15:34:23.565 [main] INFO  o.s.b.a.w.s.WelcomePageHandlerMapping - Adding welcome page: class path resource [static/index.html]
2025-08-22 15:34:24.559 [main] INFO  o.s.b.a.e.web.EndpointLinksResolver - Exposing 4 endpoints beneath base path '/actuator'
2025-08-22 15:34:24.650 [main] INFO  o.a.coyote.http11.Http11NioProtocol - Starting ProtocolHandler ["http-nio-8080"]
2025-08-22 15:34:24.674 [main] INFO  o.s.b.w.e.tomcat.TomcatWebServer - Tomcat started on port 8080 (http) with context path '/'
2025-08-22 15:34:24.696 [main] INFO  c.s.m.discodeit.DiscodeitApplication - Started DiscodeitApplication in 11.243 seconds (process running for 12.377)
2025-08-22 15:34:25.147 [RMI TCP Connection(4)-172.30.1.81] INFO  o.a.c.c.C.[Tomcat].[localhost].[/] - Initializing Spring DispatcherServlet 'dispatcherServlet'
2025-08-22 15:34:25.147 [RMI TCP Connection(4)-172.30.1.81] INFO  o.s.web.servlet.DispatcherServlet - Initializing Servlet 'dispatcherServlet'
2025-08-22 15:34:25.149 [RMI TCP Connection(4)-172.30.1.81] INFO  o.s.web.servlet.DispatcherServlet - Completed initialization in 2 ms
2025-08-22 15:35:16.492 [SpringApplicationShutdownHook] INFO  o.s.b.w.e.tomcat.GracefulShutdown - Commencing graceful shutdown. Waiting for active requests to complete
2025-08-22 15:35:19.371 [tomcat-shutdown] INFO  o.s.b.w.e.tomcat.GracefulShutdown - Graceful shutdown complete
2025-08-22 15:35:19.384 [SpringApplicationShutdownHook] INFO  o.s.o.j.LocalContainerEntityManagerFactoryBean - Closing JPA EntityManagerFactory for persistence unit 'default'
2025-08-22 15:35:19.387 [SpringApplicationShutdownHook] INFO  com.zaxxer.hikari.HikariDataSource - HikariPool-1 - Shutdown initiated...
2025-08-22 15:35:19.394 [SpringApplicationShutdownHook] INFO  com.zaxxer.hikari.HikariDataSource - HikariPool-1 - Shutdown completed.
